#
# An unexpected error has been detected by Java Runtime Environment:
#
#  EXCEPTION_ACCESS_VIOLATION (0xc0000005) at pc=0x6d9e9427, pid=8268, tid=8800
#
# Java VM: Java HotSpot(TM) Client VM (11.3-b02 mixed mode, sharing windows-x86)
# Problematic frame:
# V  [jvm.dll+0x139427]
#
# If you would like to submit a bug report, please visit:
#   http://java.sun.com/webapps/bugreport/crash.jsp
#

---------------  T H R E A D  ---------------

Current thread (0x025c3000):  VMThread [stack: 0x004c0000,0x00510000] [id=8800]

siginfo: ExceptionCode=0xc0000005, reading address 0x00000302

Registers:
EAX=0x28c95f38, EBX=0x025a0210, ECX=0x28c91b78, EDX=0x000002a2
ESP=0x0050f980, EBP=0x246b0000, ESI=0x6dac5074, EDI=0x6dac5074
EIP=0x6d9e9427, EFLAGS=0x00010206

Top of Stack: (sp=0x0050f980)
0x0050f980:   28c95f38 6d9e982a 00000003 6da5f671
0x0050f990:   6dae056c 6dac5074 025a0210 6da21cfb
0x0050f9a0:   6dac5074 00000000 6dac5074 6dac5074
0x0050f9b0:   025a0210 6d959bf1 00000001 00000002
0x0050f9c0:   6dac5074 6dac5074 00000001 025a0210
0x0050f9d0:   246b0000 00ec8000 6d95b82b 00000001
0x0050f9e0:   00000000 00000001 00000002 6dac5074
0x0050f9f0:   6dac5074 00010100 0000228c 00000000 

Instructions: (pc=0x6d9e9427)
0x6d9e9417:   08 8b 08 8b 04 8a 8b 48 04 8b 51 08 83 c1 08 50
0x6d9e9427:   ff 52 60 a1 98 04 ad 6d 83 38 00 75 dc c3 cc cc 


Stack: [0x004c0000,0x00510000],  sp=0x0050f980,  free space=318k
Native frames: (J=compiled Java code, j=interpreted, Vv=VM code, C=native code)
V  [jvm.dll+0x139427]

VM_Operation (0x0626f6b8): GenCollectForAllocation, mode: safepoint, requested by thread 0x04fe5000


---------------  P R O C E S S  ---------------

Java Threads: ( => current thread )
  0x04fe6000 JavaThread "com.mchange.v2.async.ThreadPoolAsynchronousRunner$PoolThread-#2" daemon [_thread_blocked, id=10992, stack(0x067e0000,0x06830000)]
  0x04fe5800 JavaThread "com.mchange.v2.async.ThreadPoolAsynchronousRunner$PoolThread-#1" daemon [_thread_blocked, id=9500, stack(0x06750000,0x067a0000)]
  0x04fe5400 JavaThread "com.mchange.v2.async.ThreadPoolAsynchronousRunner$PoolThread-#0" daemon [_thread_blocked, id=10328, stack(0x06660000,0x066b0000)]
  0x04fe5000 JavaThread "Timer-0" daemon [_thread_blocked, id=6832, stack(0x06220000,0x06270000)]
  0x0520ec00 JavaThread "TimerQueue" daemon [_thread_blocked, id=9276, stack(0x06610000,0x06660000)]
  0x0034dc00 JavaThread "DestroyJavaVM" [_thread_blocked, id=9736, stack(0x00290000,0x002e0000)]
  0x051a9c00 JavaThread "AWT-EventQueue-0" [_thread_blocked, id=4844, stack(0x061d0000,0x06220000)]
  0x0519c000 JavaThread "AWT-Windows" daemon [_thread_in_native, id=4056, stack(0x05d30000,0x05d80000)]
  0x05197400 JavaThread "AWT-Shutdown" [_thread_blocked, id=9864, stack(0x05ca0000,0x05cf0000)]
  0x05197000 JavaThread "Java2D Disposer" daemon [_thread_blocked, id=4340, stack(0x05af0000,0x05b40000)]
  0x05132800 JavaThread "Monitor Ctrl-Break" daemon [_thread_in_native, id=10876, stack(0x05920000,0x05970000)]
  0x02633800 JavaThread "Low Memory Detector" daemon [_thread_blocked, id=6228, stack(0x04900000,0x04950000)]
  0x02621800 JavaThread "CompilerThread0" daemon [_thread_blocked, id=6276, stack(0x04870000,0x048c0000)]
  0x02616000 JavaThread "Attach Listener" daemon [_thread_blocked, id=5880, stack(0x047e0000,0x04830000)]
  0x02613400 JavaThread "Signal Dispatcher" daemon [_thread_blocked, id=5156, stack(0x04750000,0x047a0000)]
  0x025c6000 JavaThread "Finalizer" daemon [_thread_blocked, id=4540, stack(0x046c0000,0x04710000)]
  0x025c4c00 JavaThread "Reference Handler" daemon [_thread_blocked, id=7304, stack(0x007a0000,0x007f0000)]

Other Threads:
=>0x025c3000 VMThread [stack: 0x004c0000,0x00510000] [id=8800]
  0x0263dc00 WatcherThread [stack: 0x04990000,0x049e0000] [id=7792]

VM state:at safepoint (normal execution)

VM Mutex/Monitor currently owned by a thread:  ([mutex/lock_event])
[0x0034ba30] UNKNOWN - owner thread: 0x025c3000
[0x0034be90] UNKNOWN - owner thread: 0x04fe5000

Heap
 def new generation   total 960K, used 64K [0x241d0000, 0x242d0000, 0x246b0000)
  eden space 896K,   0% used [0x241d0000, 0x241d0000, 0x242b0000)
  from space 64K, 100% used [0x242b0000, 0x242c0000, 0x242c0000)
  to   space 64K,   0% used [0x242c0000, 0x242c0000, 0x242d0000)
 tenured generation   total 5964K, used 5962K [0x246b0000, 0x24c83000, 0x281d0000)
   the space 5964K,  99% used [0x246b0000, 0x24c82b80, 0x24c82c00, 0x24c83000)
 compacting perm gen  total 12800K, used 12587K [0x281d0000, 0x28e50000, 0x2c1d0000)
   the space 12800K,  98% used [0x281d0000, 0x28e1ad90, 0x28e1ae00, 0x28e50000)
    ro space 8192K,  67% used [0x2c1d0000, 0x2c737ea8, 0x2c738000, 0x2c9d0000)
    rw space 12288K,  53% used [0x2c9d0000, 0x2d045530, 0x2d045600, 0x2d5d0000)

Dynamic libraries:
0x00400000 - 0x00424000 	C:\Java\jdk1.6.0_13\bin\java.exe
0x77640000 - 0x777c0000 	C:\Windows\SysWOW64\ntdll.dll
0x76330000 - 0x76440000 	C:\Windows\syswow64\kernel32.dll
0x757b0000 - 0x757f7000 	C:\Windows\syswow64\KERNELBASE.dll
0x75320000 - 0x753c0000 	C:\Windows\syswow64\ADVAPI32.dll
0x75100000 - 0x751ac000 	C:\Windows\syswow64\msvcrt.dll
0x75d40000 - 0x75d59000 	C:\Windows\SysWOW64\sechost.dll
0x76230000 - 0x76320000 	C:\Windows\syswow64\RPCRT4.dll
0x750a0000 - 0x75100000 	C:\Windows\syswow64\SspiCli.dll
0x75090000 - 0x7509c000 	C:\Windows\syswow64\CRYPTBASE.dll
0x7c340000 - 0x7c396000 	C:\Java\jdk1.6.0_13\jre\bin\msvcr71.dll
0x6d8b0000 - 0x6db06000 	C:\Java\jdk1.6.0_13\jre\bin\client\jvm.dll
0x75b20000 - 0x75c20000 	C:\Windows\syswow64\USER32.dll
0x75a80000 - 0x75b10000 	C:\Windows\syswow64\GDI32.dll
0x75b10000 - 0x75b1a000 	C:\Windows\syswow64\LPK.dll
0x753c0000 - 0x7545d000 	C:\Windows\syswow64\USP10.dll
0x740c0000 - 0x740f2000 	C:\Windows\system32\WINMM.dll
0x770b0000 - 0x77110000 	C:\Windows\system32\IMM32.DLL
0x751b0000 - 0x7527c000 	C:\Windows\syswow64\MSCTF.dll
0x71380000 - 0x713cc000 	C:\Windows\system32\apphelp.dll
0x6d340000 - 0x6d348000 	C:\Java\jdk1.6.0_13\jre\bin\hpi.dll
0x75660000 - 0x75665000 	C:\Windows\syswow64\PSAPI.DLL
0x6d860000 - 0x6d86c000 	C:\Java\jdk1.6.0_13\jre\bin\verify.dll
0x6d3e0000 - 0x6d3ff000 	C:\Java\jdk1.6.0_13\jre\bin\java.dll
0x6d8a0000 - 0x6d8af000 	C:\Java\jdk1.6.0_13\jre\bin\zip.dll
0x10000000 - 0x10007000 	C:\Program Files (x86)\JetBrains\IntelliJ IDEA 9.0\bin\breakgen.dll
0x6d6c0000 - 0x6d6d3000 	C:\Java\jdk1.6.0_13\jre\bin\net.dll
0x75d70000 - 0x75da5000 	C:\Windows\syswow64\WS2_32.dll
0x77610000 - 0x77616000 	C:\Windows\syswow64\NSI.dll
0x74620000 - 0x7465c000 	C:\Windows\system32\mswsock.dll
0x73a90000 - 0x73a96000 	C:\Windows\System32\wship6.dll
0x74610000 - 0x74615000 	C:\Windows\System32\wshtcpip.dll
0x6d0b0000 - 0x6d1fa000 	C:\Java\jdk1.6.0_13\jre\bin\awt.dll
0x74030000 - 0x74081000 	C:\Windows\system32\WINSPOOL.DRV
0x754a0000 - 0x755fc000 	C:\Windows\syswow64\ole32.dll
0x72a80000 - 0x72c1e000 	C:\Windows\WinSxS\x86_microsoft.windows.common-controls_6595b64144ccf1df_6.0.7601.17514_none_41e6975e2bd6f2b2\comctl32.dll
0x75600000 - 0x75657000 	C:\Windows\syswow64\SHLWAPI.dll
0x6fe70000 - 0x6fe83000 	C:\Windows\system32\DWMAPI.DLL
0x73ac0000 - 0x73b40000 	C:\Windows\system32\uxtheme.dll
0x6d2e0000 - 0x6d334000 	C:\Java\jdk1.6.0_13\jre\bin\fontmanager.dll
0x76440000 - 0x7708a000 	C:\Windows\syswow64\shell32.dll
0x6d6e0000 - 0x6d6e9000 	C:\Java\jdk1.6.0_13\jre\bin\nio.dll
0x77110000 - 0x7719f000 	C:\Windows\syswow64\OLEAUT32.DLL
0x73950000 - 0x73960000 	C:\Windows\system32\NLAapi.dll
0x73710000 - 0x73720000 	C:\Windows\system32\napinsp.dll
0x736f0000 - 0x73702000 	C:\Windows\system32\pnrpnsp.dll
0x746a0000 - 0x746e4000 	C:\Windows\system32\DNSAPI.dll
0x736e0000 - 0x736e8000 	C:\Windows\System32\winrnr.dll
0x736b0000 - 0x736d7000 	C:\Program Files (x86)\Common Files\Microsoft Shared\Windows Live\WLIDNSP.DLL
0x74700000 - 0x7471c000 	C:\Windows\system32\IPHLPAPI.DLL
0x746f0000 - 0x746f7000 	C:\Windows\system32\WINNSI.DLL
0x736a0000 - 0x736a6000 	C:\Windows\system32\rasadhlp.dll
0x73660000 - 0x73698000 	C:\Windows\System32\fwpuclnt.dll
0x73e00000 - 0x73e16000 	C:\Windows\system32\CRYPTSP.dll
0x73dc0000 - 0x73dfb000 	C:\Windows\system32\rsaenh.dll
0x74540000 - 0x74557000 	C:\Windows\system32\USERENV.dll
0x747c0000 - 0x747cb000 	C:\Windows\system32\profapi.dll

VM Arguments:
jvm_args: -Didea.launcher.port=7534 -Didea.launcher.bin.path=C:\Program Files (x86)\JetBrains\IntelliJ IDEA 9.0\bin -Dfile.encoding=UTF-8 
java_command: com.intellij.rt.execution.application.AppMain edu.qou.testing.HqlQuery
Launcher Type: SUN_STANDARD

Environment Variables:
JAVA_HOME=c:\Java\jdk1.6.0_13
PATH=C:\Java\apache-ant-1.9.0\bin;C:\Program Files\Common Files\Microsoft Shared\Windows Live;C:\Program Files (x86)\Common Files\Microsoft Shared\Windows Live;C:\apache-ant-1.9.0\bin;c:\app\iassi\product\instantclient_11_2;C:\Windows\system32;C:\Windows;C:\Windows\System32\Wbem;C:\Windows\System32\WindowsPowerShell\v1.0\;c:\Java\jdk1.6.0_13\bin;C:\Program Files (x86)\SSH Communications Security\SSH Secure Shell;c:\program files (x86)\jetbrains\intellij idea 9.0\jre\jre\bin
USERNAME=iassi
OS=Windows_NT
PROCESSOR_IDENTIFIER=Intel64 Family 6 Model 23 Stepping 10, GenuineIntel



---------------  S Y S T E M  ---------------

OS: Windows NT 6.1 Build 7601 Service Pack 1

CPU:total 4 (4 cores per cpu, 1 threads per core) family 6 model 7 stepping 10, cmov, cx8, fxsr, mmx, sse, sse2, sse3, ssse3

Memory: 4k page, physical 4194303k(3216728k free), swap 4194303k(4194303k free)

vm_info: Java HotSpot(TM) Client VM (11.3-b02) for windows-x86 JRE (1.6.0_13-b03), built on Mar  9 2009 01:15:24 by "java_re" with MS VC++ 7.1

time: Tue Jun 04 04:38:56 2013
elapsed time: 48639 seconds

